Runs on: cuda
Using 3 GPUs!
Time Windows: 12
Rid of Top: 4
Number of Inputs: 110
Number of Layers: 7
Hidden Size: 408
Number of Epochs: 500
Learning Rate: 0.009810255183792306
model: st_transformer
Load data and split in tiles for 41 ARs
[Total Tiles]: 9 	 AR11130 - Tile: 0
X_train_final shape: torch.Size([120, 110, 5]) y_train shape: torch.Size([120, 12])
X_test_final shape: torch.Size([120, 110, 5]) y_test shape: torch.Size([120, 12])
[Total Tiles]: 9 	 AR11130 - Tile: 1
X_train_final shape: torch.Size([120, 110, 5]) y_train shape: torch.Size([120, 12])
X_test_final shape: torch.Size([120, 110, 5]) y_test shape: torch.Size([120, 12])
[Total Tiles]: 9 	 AR11130 - Tile: 2
X_train_final shape: torch.Size([120, 110, 5]) y_train shape: torch.Size([120, 12])
X_test_final shape: torch.Size([120, 110, 5]) y_test shape: torch.Size([120, 12])
[Total Tiles]: 9 	 AR11130 - Tile: 3
X_train_final shape: torch.Size([120, 110, 5]) y_train shape: torch.Size([120, 12])
X_test_final shape: torch.Size([120, 110, 5]) y_test shape: torch.Size([120, 12])
[Total Tiles]: 9 	 AR11130 - Tile: 4
X_train_final shape: torch.Size([120, 110, 5]) y_train shape: torch.Size([120, 12])
X_test_final shape: torch.Size([120, 110, 5]) y_test shape: torch.Size([120, 12])
[Total Tiles]: 9 	 AR11130 - Tile: 5
X_train_final shape: torch.Size([120, 110, 5]) y_train shape: torch.Size([120, 12])
X_test_final shape: torch.Size([120, 110, 5]) y_test shape: torch.Size([120, 12])
[Total Tiles]: 9 	 AR11130 - Tile: 6
X_train_final shape: torch.Size([120, 110, 5]) y_train shape: torch.Size([120, 12])
X_test_final shape: torch.Size([120, 110, 5]) y_test shape: torch.Size([120, 12])
[Total Tiles]: 9 	 AR11130 - Tile: 7
X_train_final shape: torch.Size([120, 110, 5]) y_train shape: torch.Size([120, 12])
X_test_final shape: torch.Size([120, 110, 5]) y_test shape: torch.Size([120, 12])
[Total Tiles]: 9 	 AR11130 - Tile: 8
X_train_final shape: torch.Size([120, 110, 5]) y_train shape: torch.Size([120, 12])
X_test_final shape: torch.Size([120, 110, 5]) y_test shape: torch.Size([120, 12])
[Total Tiles]: 9 	 AR11149 - Tile: 0
X_train_final shape: torch.Size([120, 110, 5]) y_train shape: torch.Size([120, 12])
X_test_final shape: torch.Size([120, 110, 5]) y_test shape: torch.Size([120, 12])
[Total Tiles]: 9 	 AR11149 - Tile: 1
X_train_final shape: torch.Size([120, 110, 5]) y_train shape: torch.Size([120, 12])
X_test_final shape: torch.Size([120, 110, 5]) y_test shape: torch.Size([120, 12])
[Total Tiles]: 9 	 AR11149 - Tile: 2
X_train_final shape: torch.Size([120, 110, 5]) y_train shape: torch.Size([120, 12])
X_test_final shape: torch.Size([120, 110, 5]) y_test shape: torch.Size([120, 12])
[Total Tiles]: 9 	 AR11149 - Tile: 3
X_train_final shape: torch.Size([120, 110, 5]) y_train shape: torch.Size([120, 12])
X_test_final shape: torch.Size([120, 110, 5]) y_test shape: torch.Size([120, 12])
[Total Tiles]: 9 	 AR11149 - Tile: 4
X_train_final shape: torch.Size([120, 110, 5]) y_train shape: torch.Size([120, 12])
X_test_final shape: torch.Size([120, 110, 5]) y_test shape: torch.Size([120, 12])
[Total Tiles]: 9 	 AR11149 - Tile: 5
X_train_final shape: torch.Size([120, 110, 5]) y_train shape: torch.Size([120, 12])
X_test_final shape: torch.Size([120, 110, 5]) y_test shape: torch.Size([120, 12])
[Total Tiles]: 9 	 AR11149 - Tile: 6
X_train_final shape: torch.Size([120, 110, 5]) y_train shape: torch.Size([120, 12])
X_test_final shape: torch.Size([120, 110, 5]) y_test shape: torch.Size([120, 12])
[Total Tiles]: 9 	 AR11149 - Tile: 7
X_train_final shape: torch.Size([120, 110, 5]) y_train shape: torch.Size([120, 12])
X_test_final shape: torch.Size([120, 110, 5]) y_test shape: torch.Size([120, 12])
[Total Tiles]: 9 	 AR11149 - Tile: 8
X_train_final shape: torch.Size([120, 110, 5]) y_train shape: torch.Size([120, 12])
X_test_final shape: torch.Size([120, 110, 5]) y_test shape: torch.Size([120, 12])
[Total Tiles]: 9 	 AR11158 - Tile: 0
X_train_final shape: torch.Size([120, 110, 5]) y_train shape: torch.Size([120, 12])
X_test_final shape: torch.Size([120, 110, 5]) y_test shape: torch.Size([120, 12])
[Total Tiles]: 9 	 AR11158 - Tile: 1
X_train_final shape: torch.Size([120, 110, 5]) y_train shape: torch.Size([120, 12])
X_test_final shape: torch.Size([120, 110, 5]) y_test shape: torch.Size([120, 12])
[Total Tiles]: 9 	 AR11158 - Tile: 2
X_train_final shape: torch.Size([120, 110, 5]) y_train shape: torch.Size([120, 12])
X_test_final shape: torch.Size([120, 110, 5]) y_test shape: torch.Size([120, 12])
[Total Tiles]: 9 	 AR11158 - Tile: 3
X_train_final shape: torch.Size([120, 110, 5]) y_train shape: torch.Size([120, 12])
X_test_final shape: torch.Size([120, 110, 5]) y_test shape: torch.Size([120, 12])
[Total Tiles]: 9 	 AR11158 - Tile: 4
X_train_final shape: torch.Size([120, 110, 5]) y_train shape: torch.Size([120, 12])
X_test_final shape: torch.Size([120, 110, 5]) y_test shape: torch.Size([120, 12])
[Total Tiles]: 9 	 AR11158 - Tile: 5
X_train_final shape: torch.Size([120, 110, 5]) y_train shape: torch.Size([120, 12])
X_test_final shape: torch.Size([120, 110, 5]) y_test shape: torch.Size([120, 12])
[Total Tiles]: 9 	 AR11158 - Tile: 6
X_train_final shape: torch.Size([120, 110, 5]) y_train shape: torch.Size([120, 12])
X_test_final shape: torch.Size([120, 110, 5]) y_test shape: torch.Size([120, 12])
[Total Tiles]: 9 	 AR11158 - Tile: 7
X_train_final shape: torch.Size([120, 110, 5]) y_train shape: torch.Size([120, 12])
X_test_final shape: torch.Size([120, 110, 5]) y_test shape: torch.Size([120, 12])
[Total Tiles]: 9 	 AR11158 - Tile: 8
X_train_final shape: torch.Size([120, 110, 5]) y_train shape: torch.Size([120, 12])
X_test_final shape: torch.Size([120, 110, 5]) y_test shape: torch.Size([120, 12])
[Total Tiles]: 9 	 AR11162 - Tile: 0
X_train_final shape: torch.Size([120, 110, 5]) y_train shape: torch.Size([120, 12])
X_test_final shape: torch.Size([120, 110, 5]) y_test shape: torch.Size([120, 12])
[Total Tiles]: 9 	 AR11162 - Tile: 1
X_train_final shape: torch.Size([120, 110, 5]) y_train shape: torch.Size([120, 12])
X_test_final shape: torch.Size([120, 110, 5]) y_test shape: torch.Size([120, 12])
[Total Tiles]: 9 	 AR11162 - Tile: 2
X_train_final shape: torch.Size([120, 110, 5]) y_train shape: torch.Size([120, 12])
X_test_final shape: torch.Size([120, 110, 5]) y_test shape: torch.Size([120, 12])
[Total Tiles]: 9 	 AR11162 - Tile: 3
X_train_final shape: torch.Size([120, 110, 5]) y_train shape: torch.Size([120, 12])
X_test_final shape: torch.Size([120, 110, 5]) y_test shape: torch.Size([120, 12])
[Total Tiles]: 9 	 AR11162 - Tile: 4
X_train_final shape: torch.Size([120, 110, 5]) y_train shape: torch.Size([120, 12])
X_test_final shape: torch.Size([120, 110, 5]) y_test shape: torch.Size([120, 12])
[Total Tiles]: 9 	 AR11162 - Tile: 5
X_train_final shape: torch.Size([120, 110, 5]) y_train shape: torch.Size([120, 12])
X_test_final shape: torch.Size([120, 110, 5]) y_test shape: torch.Size([120, 12])
[Total Tiles]: 9 	 AR11162 - Tile: 6
X_train_final shape: torch.Size([120, 110, 5]) y_train shape: torch.Size([120, 12])
X_test_final shape: torch.Size([120, 110, 5]) y_test shape: torch.Size([120, 12])
[Total Tiles]: 9 	 AR11162 - Tile: 7
X_train_final shape: torch.Size([120, 110, 5]) y_train shape: torch.Size([120, 12])
X_test_final shape: torch.Size([120, 110, 5]) y_test shape: torch.Size([120, 12])
[Total Tiles]: 9 	 AR11162 - Tile: 8
X_train_final shape: torch.Size([120, 110, 5]) y_train shape: torch.Size([120, 12])
X_test_final shape: torch.Size([120, 110, 5]) y_test shape: torch.Size([120, 12])
[Total Tiles]: 9 	 AR11199 - Tile: 0
X_train_final shape: torch.Size([120, 110, 5]) y_train shape: torch.Size([120, 12])
X_test_final shape: torch.Size([120, 110, 5]) y_test shape: torch.Size([120, 12])
[Total Tiles]: 9 	 AR11199 - Tile: 1
X_train_final shape: torch.Size([120, 110, 5]) y_train shape: torch.Size([120, 12])
X_test_final shape: torch.Size([120, 110, 5]) y_test shape: torch.Size([120, 12])
[Total Tiles]: 9 	 AR11199 - Tile: 2
X_train_final shape: torch.Size([120, 110, 5]) y_train shape: torch.Size([120, 12])
X_test_final shape: torch.Size([120, 110, 5]) y_test shape: torch.Size([120, 12])
[Total Tiles]: 9 	 AR11199 - Tile: 3
X_train_final shape: torch.Size([120, 110, 5]) y_train shape: torch.Size([120, 12])
X_test_final shape: torch.Size([120, 110, 5]) y_test shape: torch.Size([120, 12])
[Total Tiles]: 9 	 AR11199 - Tile: 4
X_train_final shape: torch.Size([120, 110, 5]) y_train shape: torch.Size([120, 12])
X_test_final shape: torch.Size([120, 110, 5]) y_test shape: torch.Size([120, 12])
[Total Tiles]: 9 	 AR11199 - Tile: 5
X_train_final shape: torch.Size([120, 110, 5]) y_train shape: torch.Size([120, 12])
X_test_final shape: torch.Size([120, 110, 5]) y_test shape: torch.Size([120, 12])
[Total Tiles]: 9 	 AR11199 - Tile: 6
X_train_final shape: torch.Size([120, 110, 5]) y_train shape: torch.Size([120, 12])
X_test_final shape: torch.Size([120, 110, 5]) y_test shape: torch.Size([120, 12])
[Total Tiles]: 9 	 AR11199 - Tile: 7
X_train_final shape: torch.Size([120, 110, 5]) y_train shape: torch.Size([120, 12])
X_test_final shape: torch.Size([120, 110, 5]) y_test shape: torch.Size([120, 12])
[Total Tiles]: 9 	 AR11199 - Tile: 8
X_train_final shape: torch.Size([120, 110, 5]) y_train shape: torch.Size([120, 12])
X_test_final shape: torch.Size([120, 110, 5]) y_test shape: torch.Size([120, 12])
[Total Tiles]: 9 	 AR11327 - Tile: 0
X_train_final shape: torch.Size([120, 110, 5]) y_train shape: torch.Size([120, 12])
X_test_final shape: torch.Size([120, 110, 5]) y_test shape: torch.Size([120, 12])
[Total Tiles]: 9 	 AR11327 - Tile: 1
X_train_final shape: torch.Size([120, 110, 5]) y_train shape: torch.Size([120, 12])
X_test_final shape: torch.Size([120, 110, 5]) y_test shape: torch.Size([120, 12])
[Total Tiles]: 9 	 AR11327 - Tile: 2
X_train_final shape: torch.Size([120, 110, 5]) y_train shape: torch.Size([120, 12])
X_test_final shape: torch.Size([120, 110, 5]) y_test shape: torch.Size([120, 12])
[Total Tiles]: 9 	 AR11327 - Tile: 3
X_train_final shape: torch.Size([120, 110, 5]) y_train shape: torch.Size([120, 12])
X_test_final shape: torch.Size([120, 110, 5]) y_test shape: torch.Size([120, 12])
[Total Tiles]: 9 	 AR11327 - Tile: 4
X_train_final shape: torch.Size([120, 110, 5]) y_train shape: torch.Size([120, 12])
X_test_final shape: torch.Size([120, 110, 5]) y_test shape: torch.Size([120, 12])
[Total Tiles]: 9 	 AR11327 - Tile: 5
X_train_final shape: torch.Size([120, 110, 5]) y_train shape: torch.Size([120, 12])
X_test_final shape: torch.Size([120, 110, 5]) y_test shape: torch.Size([120, 12])
[Total Tiles]: 9 	 AR11327 - Tile: 6
X_train_final shape: torch.Size([120, 110, 5]) y_train shape: torch.Size([120, 12])
X_test_final shape: torch.Size([120, 110, 5]) y_test shape: torch.Size([120, 12])
[Total Tiles]: 9 	 AR11327 - Tile: 7
X_train_final shape: torch.Size([120, 110, 5]) y_train shape: torch.Size([120, 12])
X_test_final shape: torch.Size([120, 110, 5]) y_test shape: torch.Size([120, 12])
[Total Tiles]: 9 	 AR11327 - Tile: 8
X_train_final shape: torch.Size([120, 110, 5]) y_train shape: torch.Size([120, 12])
X_test_final shape: torch.Size([120, 110, 5]) y_test shape: torch.Size([120, 12])
[Total Tiles]: 9 	 AR11344 - Tile: 0
X_train_final shape: torch.Size([120, 110, 5]) y_train shape: torch.Size([120, 12])
X_test_final shape: torch.Size([120, 110, 5]) y_test shape: torch.Size([120, 12])
[Total Tiles]: 9 	 AR11344 - Tile: 1
X_train_final shape: torch.Size([120, 110, 5]) y_train shape: torch.Size([120, 12])
X_test_final shape: torch.Size([120, 110, 5]) y_test shape: torch.Size([120, 12])
[Total Tiles]: 9 	 AR11344 - Tile: 2
X_train_final shape: torch.Size([120, 110, 5]) y_train shape: torch.Size([120, 12])
X_test_final shape: torch.Size([120, 110, 5]) y_test shape: torch.Size([120, 12])
[Total Tiles]: 9 	 AR11344 - Tile: 3
X_train_final shape: torch.Size([120, 110, 5]) y_train shape: torch.Size([120, 12])
X_test_final shape: torch.Size([120, 110, 5]) y_test shape: torch.Size([120, 12])
[Total Tiles]: 9 	 AR11344 - Tile: 4
X_train_final shape: torch.Size([120, 110, 5]) y_train shape: torch.Size([120, 12])
X_test_final shape: torch.Size([120, 110, 5]) y_test shape: torch.Size([120, 12])
[Total Tiles]: 9 	 AR11344 - Tile: 5
X_train_final shape: torch.Size([120, 110, 5]) y_train shape: torch.Size([120, 12])
X_test_final shape: torch.Size([120, 110, 5]) y_test shape: torch.Size([120, 12])
[Total Tiles]: 9 	 AR11344 - Tile: 6
X_train_final shape: torch.Size([120, 110, 5]) y_train shape: torch.Size([120, 12])
X_test_final shape: torch.Size([120, 110, 5]) y_test shape: torch.Size([120, 12])
[Total Tiles]: 9 	 AR11344 - Tile: 7
X_train_final shape: torch.Size([120, 110, 5]) y_train shape: torch.Size([120, 12])
X_test_final shape: torch.Size([120, 110, 5]) y_test shape: torch.Size([120, 12])
[Total Tiles]: 9 	 AR11344 - Tile: 8
X_train_final shape: torch.Size([120, 110, 5]) y_train shape: torch.Size([120, 12])
X_test_final shape: torch.Size([120, 110, 5]) y_test shape: torch.Size([120, 12])
[Total Tiles]: 9 	 AR11387 - Tile: 0
X_train_final shape: torch.Size([120, 110, 5]) y_train shape: torch.Size([120, 12])
X_test_final shape: torch.Size([120, 110, 5]) y_test shape: torch.Size([120, 12])
[Total Tiles]: 9 	 AR11387 - Tile: 1
X_train_final shape: torch.Size([120, 110, 5]) y_train shape: torch.Size([120, 12])
X_test_final shape: torch.Size([120, 110, 5]) y_test shape: torch.Size([120, 12])
[Total Tiles]: 9 	 AR11387 - Tile: 2
X_train_final shape: torch.Size([120, 110, 5]) y_train shape: torch.Size([120, 12])
X_test_final shape: torch.Size([120, 110, 5]) y_test shape: torch.Size([120, 12])
[Total Tiles]: 9 	 AR11387 - Tile: 3
X_train_final shape: torch.Size([120, 110, 5]) y_train shape: torch.Size([120, 12])
X_test_final shape: torch.Size([120, 110, 5]) y_test shape: torch.Size([120, 12])
[Total Tiles]: 9 	 AR11387 - Tile: 4
X_train_final shape: torch.Size([120, 110, 5]) y_train shape: torch.Size([120, 12])
X_test_final shape: torch.Size([120, 110, 5]) y_test shape: torch.Size([120, 12])
[Total Tiles]: 9 	 AR11387 - Tile: 5
X_train_final shape: torch.Size([120, 110, 5]) y_train shape: torch.Size([120, 12])
X_test_final shape: torch.Size([120, 110, 5]) y_test shape: torch.Size([120, 12])
[Total Tiles]: 9 	 AR11387 - Tile: 6
X_train_final shape: torch.Size([120, 110, 5]) y_train shape: torch.Size([120, 12])
X_test_final shape: torch.Size([120, 110, 5]) y_test shape: torch.Size([120, 12])
[Total Tiles]: 9 	 AR11387 - Tile: 7
X_train_final shape: torch.Size([120, 110, 5]) y_train shape: torch.Size([120, 12])
X_test_final shape: torch.Size([120, 110, 5]) y_test shape: torch.Size([120, 12])
[Total Tiles]: 9 	 AR11387 - Tile: 8
X_train_final shape: torch.Size([120, 110, 5]) y_train shape: torch.Size([120, 12])
X_test_final shape: torch.Size([120, 110, 5]) y_test shape: torch.Size([120, 12])
[Total Tiles]: 9 	 AR11393 - Tile: 0
X_train_final shape: torch.Size([120, 110, 5]) y_train shape: torch.Size([120, 12])
X_test_final shape: torch.Size([120, 110, 5]) y_test shape: torch.Size([120, 12])
[Total Tiles]: 9 	 AR11393 - Tile: 1
X_train_final shape: torch.Size([120, 110, 5]) y_train shape: torch.Size([120, 12])
X_test_final shape: torch.Size([120, 110, 5]) y_test shape: torch.Size([120, 12])
[Total Tiles]: 9 	 AR11393 - Tile: 2
X_train_final shape: torch.Size([120, 110, 5]) y_train shape: torch.Size([120, 12])
X_test_final shape: torch.Size([120, 110, 5]) y_test shape: torch.Size([120, 12])
[Total Tiles]: 9 	 AR11393 - Tile: 3
X_train_final shape: torch.Size([120, 110, 5]) y_train shape: torch.Size([120, 12])
X_test_final shape: torch.Size([120, 110, 5]) y_test shape: torch.Size([120, 12])
[Total Tiles]: 9 	 AR11393 - Tile: 4
X_train_final shape: torch.Size([120, 110, 5]) y_train shape: torch.Size([120, 12])
X_test_final shape: torch.Size([120, 110, 5]) y_test shape: torch.Size([120, 12])
[Total Tiles]: 9 	 AR11393 - Tile: 5
X_train_final shape: torch.Size([120, 110, 5]) y_train shape: torch.Size([120, 12])
X_test_final shape: torch.Size([120, 110, 5]) y_test shape: torch.Size([120, 12])
[Total Tiles]: 9 	 AR11393 - Tile: 6
X_train_final shape: torch.Size([120, 110, 5]) y_train shape: torch.Size([120, 12])
X_test_final shape: torch.Size([120, 110, 5]) y_test shape: torch.Size([120, 12])
[Total Tiles]: 9 	 AR11393 - Tile: 7
X_train_final shape: torch.Size([120, 110, 5]) y_train shape: torch.Size([120, 12])
X_test_final shape: torch.Size([120, 110, 5]) y_test shape: torch.Size([120, 12])
[Total Tiles]: 9 	 AR11393 - Tile: 8
X_train_final shape: torch.Size([120, 110, 5]) y_train shape: torch.Size([120, 12])
X_test_final shape: torch.Size([120, 110, 5]) y_test shape: torch.Size([120, 12])
[Total Tiles]: 9 	 AR11416 - Tile: 0
X_train_final shape: torch.Size([120, 110, 5]) y_train shape: torch.Size([120, 12])
X_test_final shape: torch.Size([120, 110, 5]) y_test shape: torch.Size([120, 12])
[Total Tiles]: 9 	 AR11416 - Tile: 1
X_train_final shape: torch.Size([120, 110, 5]) y_train shape: torch.Size([120, 12])
X_test_final shape: torch.Size([120, 110, 5]) y_test shape: torch.Size([120, 12])
[Total Tiles]: 9 	 AR11416 - Tile: 2
X_train_final shape: torch.Size([120, 110, 5]) y_train shape: torch.Size([120, 12])
X_test_final shape: torch.Size([120, 110, 5]) y_test shape: torch.Size([120, 12])
[Total Tiles]: 9 	 AR11416 - Tile: 3
X_train_final shape: torch.Size([120, 110, 5]) y_train shape: torch.Size([120, 12])
X_test_final shape: torch.Size([120, 110, 5]) y_test shape: torch.Size([120, 12])
[Total Tiles]: 9 	 AR11416 - Tile: 4
X_train_final shape: torch.Size([120, 110, 5]) y_train shape: torch.Size([120, 12])
X_test_final shape: torch.Size([120, 110, 5]) y_test shape: torch.Size([120, 12])
[Total Tiles]: 9 	 AR11416 - Tile: 5
X_train_final shape: torch.Size([120, 110, 5]) y_train shape: torch.Size([120, 12])
X_test_final shape: torch.Size([120, 110, 5]) y_test shape: torch.Size([120, 12])
[Total Tiles]: 9 	 AR11416 - Tile: 6
X_train_final shape: torch.Size([120, 110, 5]) y_train shape: torch.Size([120, 12])
X_test_final shape: torch.Size([120, 110, 5]) y_test shape: torch.Size([120, 12])
[Total Tiles]: 9 	 AR11416 - Tile: 7
X_train_final shape: torch.Size([120, 110, 5]) y_train shape: torch.Size([120, 12])
X_test_final shape: torch.Size([120, 110, 5]) y_test shape: torch.Size([120, 12])
[Total Tiles]: 9 	 AR11416 - Tile: 8
X_train_final shape: torch.Size([120, 110, 5]) y_train shape: torch.Size([120, 12])
X_test_final shape: torch.Size([120, 110, 5]) y_test shape: torch.Size([120, 12])
[Total Tiles]: 9 	 AR11422 - Tile: 0
X_train_final shape: torch.Size([120, 110, 5]) y_train shape: torch.Size([120, 12])
X_test_final shape: torch.Size([120, 110, 5]) y_test shape: torch.Size([120, 12])
[Total Tiles]: 9 	 AR11422 - Tile: 1
X_train_final shape: torch.Size([120, 110, 5]) y_train shape: torch.Size([120, 12])
X_test_final shape: torch.Size([120, 110, 5]) y_test shape: torch.Size([120, 12])
[Total Tiles]: 9 	 AR11422 - Tile: 2
X_train_final shape: torch.Size([120, 110, 5]) y_train shape: torch.Size([120, 12])
X_test_final shape: torch.Size([120, 110, 5]) y_test shape: torch.Size([120, 12])
[Total Tiles]: 9 	 AR11422 - Tile: 3
X_train_final shape: torch.Size([120, 110, 5]) y_train shape: torch.Size([120, 12])
X_test_final shape: torch.Size([120, 110, 5]) y_test shape: torch.Size([120, 12])
[Total Tiles]: 9 	 AR11422 - Tile: 4
X_train_final shape: torch.Size([120, 110, 5]) y_train shape: torch.Size([120, 12])
X_test_final shape: torch.Size([120, 110, 5]) y_test shape: torch.Size([120, 12])
[Total Tiles]: 9 	 AR11422 - Tile: 5
X_train_final shape: torch.Size([120, 110, 5]) y_train shape: torch.Size([120, 12])
X_test_final shape: torch.Size([120, 110, 5]) y_test shape: torch.Size([120, 12])
[Total Tiles]: 9 	 AR11422 - Tile: 6
X_train_final shape: torch.Size([120, 110, 5]) y_train shape: torch.Size([120, 12])
X_test_final shape: torch.Size([120, 110, 5]) y_test shape: torch.Size([120, 12])
[Total Tiles]: 9 	 AR11422 - Tile: 7
X_train_final shape: torch.Size([120, 110, 5]) y_train shape: torch.Size([120, 12])
X_test_final shape: torch.Size([120, 110, 5]) y_test shape: torch.Size([120, 12])
[Total Tiles]: 9 	 AR11422 - Tile: 8
X_train_final shape: torch.Size([120, 110, 5]) y_train shape: torch.Size([120, 12])
X_test_final shape: torch.Size([120, 110, 5]) y_test shape: torch.Size([120, 12])
[Total Tiles]: 9 	 AR11455 - Tile: 0
X_train_final shape: torch.Size([120, 110, 5]) y_train shape: torch.Size([120, 12])
X_test_final shape: torch.Size([120, 110, 5]) y_test shape: torch.Size([120, 12])
[Total Tiles]: 9 	 AR11455 - Tile: 1
X_train_final shape: torch.Size([120, 110, 5]) y_train shape: torch.Size([120, 12])
X_test_final shape: torch.Size([120, 110, 5]) y_test shape: torch.Size([120, 12])
[Total Tiles]: 9 	 AR11455 - Tile: 2
X_train_final shape: torch.Size([120, 110, 5]) y_train shape: torch.Size([120, 12])
X_test_final shape: torch.Size([120, 110, 5]) y_test shape: torch.Size([120, 12])
[Total Tiles]: 9 	 AR11455 - Tile: 3
X_train_final shape: torch.Size([120, 110, 5]) y_train shape: torch.Size([120, 12])
X_test_final shape: torch.Size([120, 110, 5]) y_test shape: torch.Size([120, 12])
[Total Tiles]: 9 	 AR11455 - Tile: 4
X_train_final shape: torch.Size([120, 110, 5]) y_train shape: torch.Size([120, 12])
X_test_final shape: torch.Size([120, 110, 5]) y_test shape: torch.Size([120, 12])
[Total Tiles]: 9 	 AR11455 - Tile: 5
X_train_final shape: torch.Size([120, 110, 5]) y_train shape: torch.Size([120, 12])
X_test_final shape: torch.Size([120, 110, 5]) y_test shape: torch.Size([120, 12])
[Total Tiles]: 9 	 AR11455 - Tile: 6
X_train_final shape: torch.Size([120, 110, 5]) y_train shape: torch.Size([120, 12])
X_test_final shape: torch.Size([120, 110, 5]) y_test shape: torch.Size([120, 12])
[Total Tiles]: 9 	 AR11455 - Tile: 7
X_train_final shape: torch.Size([120, 110, 5]) y_train shape: torch.Size([120, 12])
X_test_final shape: torch.Size([120, 110, 5]) y_test shape: torch.Size([120, 12])
[Total Tiles]: 9 	 AR11455 - Tile: 8
X_train_final shape: torch.Size([120, 110, 5]) y_train shape: torch.Size([120, 12])
X_test_final shape: torch.Size([120, 110, 5]) y_test shape: torch.Size([120, 12])
[Total Tiles]: 9 	 AR11619 - Tile: 0
X_train_final shape: torch.Size([120, 110, 5]) y_train shape: torch.Size([120, 12])
X_test_final shape: torch.Size([120, 110, 5]) y_test shape: torch.Size([120, 12])
[Total Tiles]: 9 	 AR11619 - Tile: 1
X_train_final shape: torch.Size([120, 110, 5]) y_train shape: torch.Size([120, 12])
X_test_final shape: torch.Size([120, 110, 5]) y_test shape: torch.Size([120, 12])
[Total Tiles]: 9 	 AR11619 - Tile: 2
X_train_final shape: torch.Size([120, 110, 5]) y_train shape: torch.Size([120, 12])
X_test_final shape: torch.Size([120, 110, 5]) y_test shape: torch.Size([120, 12])
[Total Tiles]: 9 	 AR11619 - Tile: 3
X_train_final shape: torch.Size([120, 110, 5]) y_train shape: torch.Size([120, 12])
X_test_final shape: torch.Size([120, 110, 5]) y_test shape: torch.Size([120, 12])
[Total Tiles]: 9 	 AR11619 - Tile: 4
X_train_final shape: torch.Size([120, 110, 5]) y_train shape: torch.Size([120, 12])
X_test_final shape: torch.Size([120, 110, 5]) y_test shape: torch.Size([120, 12])
[Total Tiles]: 9 	 AR11619 - Tile: 5
X_train_final shape: torch.Size([120, 110, 5]) y_train shape: torch.Size([120, 12])
X_test_final shape: torch.Size([120, 110, 5]) y_test shape: torch.Size([120, 12])
[Total Tiles]: 9 	 AR11619 - Tile: 6
X_train_final shape: torch.Size([120, 110, 5]) y_train shape: torch.Size([120, 12])
X_test_final shape: torch.Size([120, 110, 5]) y_test shape: torch.Size([120, 12])
[Total Tiles]: 9 	 AR11619 - Tile: 7
X_train_final shape: torch.Size([120, 110, 5]) y_train shape: torch.Size([120, 12])
X_test_final shape: torch.Size([120, 110, 5]) y_test shape: torch.Size([120, 12])
[Total Tiles]: 9 	 AR11619 - Tile: 8
X_train_final shape: torch.Size([120, 110, 5]) y_train shape: torch.Size([120, 12])
X_test_final shape: torch.Size([120, 110, 5]) y_test shape: torch.Size([120, 12])
[Total Tiles]: 9 	 AR11640 - Tile: 0
X_train_final shape: torch.Size([120, 110, 5]) y_train shape: torch.Size([120, 12])
X_test_final shape: torch.Size([120, 110, 5]) y_test shape: torch.Size([120, 12])
[Total Tiles]: 9 	 AR11640 - Tile: 1
X_train_final shape: torch.Size([120, 110, 5]) y_train shape: torch.Size([120, 12])
X_test_final shape: torch.Size([120, 110, 5]) y_test shape: torch.Size([120, 12])
[Total Tiles]: 9 	 AR11640 - Tile: 2
X_train_final shape: torch.Size([120, 110, 5]) y_train shape: torch.Size([120, 12])
X_test_final shape: torch.Size([120, 110, 5]) y_test shape: torch.Size([120, 12])
[Total Tiles]: 9 	 AR11640 - Tile: 3
X_train_final shape: torch.Size([120, 110, 5]) y_train shape: torch.Size([120, 12])
X_test_final shape: torch.Size([120, 110, 5]) y_test shape: torch.Size([120, 12])
[Total Tiles]: 9 	 AR11640 - Tile: 4
X_train_final shape: torch.Size([120, 110, 5]) y_train shape: torch.Size([120, 12])
X_test_final shape: torch.Size([120, 110, 5]) y_test shape: torch.Size([120, 12])
[Total Tiles]: 9 	 AR11640 - Tile: 5
X_train_final shape: torch.Size([120, 110, 5]) y_train shape: torch.Size([120, 12])
X_test_final shape: torch.Size([120, 110, 5]) y_test shape: torch.Size([120, 12])
[Total Tiles]: 9 	 AR11640 - Tile: 6
X_train_final shape: torch.Size([120, 110, 5]) y_train shape: torch.Size([120, 12])
X_test_final shape: torch.Size([120, 110, 5]) y_test shape: torch.Size([120, 12])
[Total Tiles]: 9 	 AR11640 - Tile: 7
X_train_final shape: torch.Size([120, 110, 5]) y_train shape: torch.Size([120, 12])
X_test_final shape: torch.Size([120, 110, 5]) y_test shape: torch.Size([120, 12])
[Total Tiles]: 9 	 AR11640 - Tile: 8
X_train_final shape: torch.Size([120, 110, 5]) y_train shape: torch.Size([120, 12])
X_test_final shape: torch.Size([120, 110, 5]) y_test shape: torch.Size([120, 12])
[Total Tiles]: 9 	 AR11660 - Tile: 0
X_train_final shape: torch.Size([120, 110, 5]) y_train shape: torch.Size([120, 12])
X_test_final shape: torch.Size([120, 110, 5]) y_test shape: torch.Size([120, 12])
[Total Tiles]: 9 	 AR11660 - Tile: 1
X_train_final shape: torch.Size([120, 110, 5]) y_train shape: torch.Size([120, 12])
X_test_final shape: torch.Size([120, 110, 5]) y_test shape: torch.Size([120, 12])
[Total Tiles]: 9 	 AR11660 - Tile: 2
X_train_final shape: torch.Size([120, 110, 5]) y_train shape: torch.Size([120, 12])
X_test_final shape: torch.Size([120, 110, 5]) y_test shape: torch.Size([120, 12])
[Total Tiles]: 9 	 AR11660 - Tile: 3
X_train_final shape: torch.Size([120, 110, 5]) y_train shape: torch.Size([120, 12])
X_test_final shape: torch.Size([120, 110, 5]) y_test shape: torch.Size([120, 12])
[Total Tiles]: 9 	 AR11660 - Tile: 4
X_train_final shape: torch.Size([120, 110, 5]) y_train shape: torch.Size([120, 12])
X_test_final shape: torch.Size([120, 110, 5]) y_test shape: torch.Size([120, 12])
[Total Tiles]: 9 	 AR11660 - Tile: 5
X_train_final shape: torch.Size([120, 110, 5]) y_train shape: torch.Size([120, 12])
X_test_final shape: torch.Size([120, 110, 5]) y_test shape: torch.Size([120, 12])
[Total Tiles]: 9 	 AR11660 - Tile: 6
X_train_final shape: torch.Size([120, 110, 5]) y_train shape: torch.Size([120, 12])
X_test_final shape: torch.Size([120, 110, 5]) y_test shape: torch.Size([120, 12])
[Total Tiles]: 9 	 AR11660 - Tile: 7
X_train_final shape: torch.Size([120, 110, 5]) y_train shape: torch.Size([120, 12])
X_test_final shape: torch.Size([120, 110, 5]) y_test shape: torch.Size([120, 12])
[Total Tiles]: 9 	 AR11660 - Tile: 8
X_train_final shape: torch.Size([120, 110, 5]) y_train shape: torch.Size([120, 12])
X_test_final shape: torch.Size([120, 110, 5]) y_test shape: torch.Size([120, 12])
[Total Tiles]: 9 	 AR11678 - Tile: 0
X_train_final shape: torch.Size([120, 110, 5]) y_train shape: torch.Size([120, 12])
X_test_final shape: torch.Size([120, 110, 5]) y_test shape: torch.Size([120, 12])
[Total Tiles]: 9 	 AR11678 - Tile: 1
X_train_final shape: torch.Size([120, 110, 5]) y_train shape: torch.Size([120, 12])
X_test_final shape: torch.Size([120, 110, 5]) y_test shape: torch.Size([120, 12])
[Total Tiles]: 9 	 AR11678 - Tile: 2
X_train_final shape: torch.Size([120, 110, 5]) y_train shape: torch.Size([120, 12])
X_test_final shape: torch.Size([120, 110, 5]) y_test shape: torch.Size([120, 12])
[Total Tiles]: 9 	 AR11678 - Tile: 3
X_train_final shape: torch.Size([120, 110, 5]) y_train shape: torch.Size([120, 12])
X_test_final shape: torch.Size([120, 110, 5]) y_test shape: torch.Size([120, 12])
[Total Tiles]: 9 	 AR11678 - Tile: 4
X_train_final shape: torch.Size([120, 110, 5]) y_train shape: torch.Size([120, 12])
X_test_final shape: torch.Size([120, 110, 5]) y_test shape: torch.Size([120, 12])
[Total Tiles]: 9 	 AR11678 - Tile: 5
X_train_final shape: torch.Size([120, 110, 5]) y_train shape: torch.Size([120, 12])
X_test_final shape: torch.Size([120, 110, 5]) y_test shape: torch.Size([120, 12])
[Total Tiles]: 9 	 AR11678 - Tile: 6
X_train_final shape: torch.Size([120, 110, 5]) y_train shape: torch.Size([120, 12])
X_test_final shape: torch.Size([120, 110, 5]) y_test shape: torch.Size([120, 12])
[Total Tiles]: 9 	 AR11678 - Tile: 7
X_train_final shape: torch.Size([120, 110, 5]) y_train shape: torch.Size([120, 12])
X_test_final shape: torch.Size([120, 110, 5]) y_test shape: torch.Size([120, 12])
[Total Tiles]: 9 	 AR11678 - Tile: 8
X_train_final shape: torch.Size([120, 110, 5]) y_train shape: torch.Size([120, 12])
X_test_final shape: torch.Size([120, 110, 5]) y_test shape: torch.Size([120, 12])
[Total Tiles]: 9 	 AR11682 - Tile: 0
X_train_final shape: torch.Size([120, 110, 5]) y_train shape: torch.Size([120, 12])
X_test_final shape: torch.Size([120, 110, 5]) y_test shape: torch.Size([120, 12])
[Total Tiles]: 9 	 AR11682 - Tile: 1
X_train_final shape: torch.Size([120, 110, 5]) y_train shape: torch.Size([120, 12])
X_test_final shape: torch.Size([120, 110, 5]) y_test shape: torch.Size([120, 12])
[Total Tiles]: 9 	 AR11682 - Tile: 2
X_train_final shape: torch.Size([120, 110, 5]) y_train shape: torch.Size([120, 12])
X_test_final shape: torch.Size([120, 110, 5]) y_test shape: torch.Size([120, 12])
[Total Tiles]: 9 	 AR11682 - Tile: 3
X_train_final shape: torch.Size([120, 110, 5]) y_train shape: torch.Size([120, 12])
X_test_final shape: torch.Size([120, 110, 5]) y_test shape: torch.Size([120, 12])
[Total Tiles]: 9 	 AR11682 - Tile: 4
X_train_final shape: torch.Size([120, 110, 5]) y_train shape: torch.Size([120, 12])
X_test_final shape: torch.Size([120, 110, 5]) y_test shape: torch.Size([120, 12])
[Total Tiles]: 9 	 AR11682 - Tile: 5
X_train_final shape: torch.Size([120, 110, 5]) y_train shape: torch.Size([120, 12])
X_test_final shape: torch.Size([120, 110, 5]) y_test shape: torch.Size([120, 12])
[Total Tiles]: 9 	 AR11682 - Tile: 6
X_train_final shape: torch.Size([120, 110, 5]) y_train shape: torch.Size([120, 12])
X_test_final shape: torch.Size([120, 110, 5]) y_test shape: torch.Size([120, 12])
[Total Tiles]: 9 	 AR11682 - Tile: 7
X_train_final shape: torch.Size([120, 110, 5]) y_train shape: torch.Size([120, 12])
X_test_final shape: torch.Size([120, 110, 5]) y_test shape: torch.Size([120, 12])
[Total Tiles]: 9 	 AR11682 - Tile: 8
X_train_final shape: torch.Size([120, 110, 5]) y_train shape: torch.Size([120, 12])
X_test_final shape: torch.Size([120, 110, 5]) y_test shape: torch.Size([120, 12])
[Total Tiles]: 9 	 AR11765 - Tile: 0
X_train_final shape: torch.Size([120, 110, 5]) y_train shape: torch.Size([120, 12])
X_test_final shape: torch.Size([120, 110, 5]) y_test shape: torch.Size([120, 12])
[Total Tiles]: 9 	 AR11765 - Tile: 1
X_train_final shape: torch.Size([120, 110, 5]) y_train shape: torch.Size([120, 12])
X_test_final shape: torch.Size([120, 110, 5]) y_test shape: torch.Size([120, 12])
[Total Tiles]: 9 	 AR11765 - Tile: 2
X_train_final shape: torch.Size([120, 110, 5]) y_train shape: torch.Size([120, 12])
X_test_final shape: torch.Size([120, 110, 5]) y_test shape: torch.Size([120, 12])
[Total Tiles]: 9 	 AR11765 - Tile: 3
X_train_final shape: torch.Size([120, 110, 5]) y_train shape: torch.Size([120, 12])
X_test_final shape: torch.Size([120, 110, 5]) y_test shape: torch.Size([120, 12])
[Total Tiles]: 9 	 AR11765 - Tile: 4
X_train_final shape: torch.Size([120, 110, 5]) y_train shape: torch.Size([120, 12])
X_test_final shape: torch.Size([120, 110, 5]) y_test shape: torch.Size([120, 12])
[Total Tiles]: 9 	 AR11765 - Tile: 5
X_train_final shape: torch.Size([120, 110, 5]) y_train shape: torch.Size([120, 12])
X_test_final shape: torch.Size([120, 110, 5]) y_test shape: torch.Size([120, 12])
[Total Tiles]: 9 	 AR11765 - Tile: 6
X_train_final shape: torch.Size([120, 110, 5]) y_train shape: torch.Size([120, 12])
X_test_final shape: torch.Size([120, 110, 5]) y_test shape: torch.Size([120, 12])
[Total Tiles]: 9 	 AR11765 - Tile: 7
X_train_final shape: torch.Size([120, 110, 5]) y_train shape: torch.Size([120, 12])
X_test_final shape: torch.Size([120, 110, 5]) y_test shape: torch.Size([120, 12])
[Total Tiles]: 9 	 AR11765 - Tile: 8
X_train_final shape: torch.Size([120, 110, 5]) y_train shape: torch.Size([120, 12])
X_test_final shape: torch.Size([120, 110, 5]) y_test shape: torch.Size([120, 12])
[Total Tiles]: 9 	 AR11768 - Tile: 0
X_train_final shape: torch.Size([120, 110, 5]) y_train shape: torch.Size([120, 12])
X_test_final shape: torch.Size([120, 110, 5]) y_test shape: torch.Size([120, 12])
[Total Tiles]: 9 	 AR11768 - Tile: 1
X_train_final shape: torch.Size([120, 110, 5]) y_train shape: torch.Size([120, 12])
X_test_final shape: torch.Size([120, 110, 5]) y_test shape: torch.Size([120, 12])
[Total Tiles]: 9 	 AR11768 - Tile: 2
X_train_final shape: torch.Size([120, 110, 5]) y_train shape: torch.Size([120, 12])
X_test_final shape: torch.Size([120, 110, 5]) y_test shape: torch.Size([120, 12])
[Total Tiles]: 9 	 AR11768 - Tile: 3
X_train_final shape: torch.Size([120, 110, 5]) y_train shape: torch.Size([120, 12])
X_test_final shape: torch.Size([120, 110, 5]) y_test shape: torch.Size([120, 12])
[Total Tiles]: 9 	 AR11768 - Tile: 4
X_train_final shape: torch.Size([120, 110, 5]) y_train shape: torch.Size([120, 12])
X_test_final shape: torch.Size([120, 110, 5]) y_test shape: torch.Size([120, 12])
[Total Tiles]: 9 	 AR11768 - Tile: 5
X_train_final shape: torch.Size([120, 110, 5]) y_train shape: torch.Size([120, 12])
X_test_final shape: torch.Size([120, 110, 5]) y_test shape: torch.Size([120, 12])
[Total Tiles]: 9 	 AR11768 - Tile: 6
X_train_final shape: torch.Size([120, 110, 5]) y_train shape: torch.Size([120, 12])
X_test_final shape: torch.Size([120, 110, 5]) y_test shape: torch.Size([120, 12])
[Total Tiles]: 9 	 AR11768 - Tile: 7
X_train_final shape: torch.Size([120, 110, 5]) y_train shape: torch.Size([120, 12])
X_test_final shape: torch.Size([120, 110, 5]) y_test shape: torch.Size([120, 12])
[Total Tiles]: 9 	 AR11768 - Tile: 8
X_train_final shape: torch.Size([120, 110, 5]) y_train shape: torch.Size([120, 12])
X_test_final shape: torch.Size([120, 110, 5]) y_test shape: torch.Size([120, 12])
[Total Tiles]: 9 	 AR11776 - Tile: 0
X_train_final shape: torch.Size([120, 110, 5]) y_train shape: torch.Size([120, 12])
X_test_final shape: torch.Size([120, 110, 5]) y_test shape: torch.Size([120, 12])
[Total Tiles]: 9 	 AR11776 - Tile: 1
X_train_final shape: torch.Size([120, 110, 5]) y_train shape: torch.Size([120, 12])
X_test_final shape: torch.Size([120, 110, 5]) y_test shape: torch.Size([120, 12])
[Total Tiles]: 9 	 AR11776 - Tile: 2
X_train_final shape: torch.Size([120, 110, 5]) y_train shape: torch.Size([120, 12])
X_test_final shape: torch.Size([120, 110, 5]) y_test shape: torch.Size([120, 12])
[Total Tiles]: 9 	 AR11776 - Tile: 3
X_train_final shape: torch.Size([120, 110, 5]) y_train shape: torch.Size([120, 12])
X_test_final shape: torch.Size([120, 110, 5]) y_test shape: torch.Size([120, 12])
[Total Tiles]: 9 	 AR11776 - Tile: 4
X_train_final shape: torch.Size([120, 110, 5]) y_train shape: torch.Size([120, 12])
X_test_final shape: torch.Size([120, 110, 5]) y_test shape: torch.Size([120, 12])
[Total Tiles]: 9 	 AR11776 - Tile: 5
X_train_final shape: torch.Size([120, 110, 5]) y_train shape: torch.Size([120, 12])
X_test_final shape: torch.Size([120, 110, 5]) y_test shape: torch.Size([120, 12])
[Total Tiles]: 9 	 AR11776 - Tile: 6
X_train_final shape: torch.Size([120, 110, 5]) y_train shape: torch.Size([120, 12])
X_test_final shape: torch.Size([120, 110, 5]) y_test shape: torch.Size([120, 12])
[Total Tiles]: 9 	 AR11776 - Tile: 7
X_train_final shape: torch.Size([120, 110, 5]) y_train shape: torch.Size([120, 12])
X_test_final shape: torch.Size([120, 110, 5]) y_test shape: torch.Size([120, 12])
[Total Tiles]: 9 	 AR11776 - Tile: 8
X_train_final shape: torch.Size([120, 110, 5]) y_train shape: torch.Size([120, 12])
X_test_final shape: torch.Size([120, 110, 5]) y_test shape: torch.Size([120, 12])
[Total Tiles]: 9 	 AR11916 - Tile: 0
X_train_final shape: torch.Size([120, 110, 5]) y_train shape: torch.Size([120, 12])
X_test_final shape: torch.Size([120, 110, 5]) y_test shape: torch.Size([120, 12])
[Total Tiles]: 9 	 AR11916 - Tile: 1
X_train_final shape: torch.Size([120, 110, 5]) y_train shape: torch.Size([120, 12])
X_test_final shape: torch.Size([120, 110, 5]) y_test shape: torch.Size([120, 12])
[Total Tiles]: 9 	 AR11916 - Tile: 2
X_train_final shape: torch.Size([120, 110, 5]) y_train shape: torch.Size([120, 12])
X_test_final shape: torch.Size([120, 110, 5]) y_test shape: torch.Size([120, 12])
[Total Tiles]: 9 	 AR11916 - Tile: 3
X_train_final shape: torch.Size([120, 110, 5]) y_train shape: torch.Size([120, 12])
X_test_final shape: torch.Size([120, 110, 5]) y_test shape: torch.Size([120, 12])
[Total Tiles]: 9 	 AR11916 - Tile: 4
X_train_final shape: torch.Size([120, 110, 5]) y_train shape: torch.Size([120, 12])
X_test_final shape: torch.Size([120, 110, 5]) y_test shape: torch.Size([120, 12])
[Total Tiles]: 9 	 AR11916 - Tile: 5
X_train_final shape: torch.Size([120, 110, 5]) y_train shape: torch.Size([120, 12])
X_test_final shape: torch.Size([120, 110, 5]) y_test shape: torch.Size([120, 12])
[Total Tiles]: 9 	 AR11916 - Tile: 6
X_train_final shape: torch.Size([120, 110, 5]) y_train shape: torch.Size([120, 12])
X_test_final shape: torch.Size([120, 110, 5]) y_test shape: torch.Size([120, 12])
[Total Tiles]: 9 	 AR11916 - Tile: 7
X_train_final shape: torch.Size([120, 110, 5]) y_train shape: torch.Size([120, 12])
X_test_final shape: torch.Size([120, 110, 5]) y_test shape: torch.Size([120, 12])
[Total Tiles]: 9 	 AR11916 - Tile: 8
X_train_final shape: torch.Size([120, 110, 5]) y_train shape: torch.Size([120, 12])
X_test_final shape: torch.Size([120, 110, 5]) y_test shape: torch.Size([120, 12])
[Total Tiles]: 9 	 AR11928 - Tile: 0
X_train_final shape: torch.Size([120, 110, 5]) y_train shape: torch.Size([120, 12])
X_test_final shape: torch.Size([120, 110, 5]) y_test shape: torch.Size([120, 12])
[Total Tiles]: 9 	 AR11928 - Tile: 1
X_train_final shape: torch.Size([120, 110, 5]) y_train shape: torch.Size([120, 12])
X_test_final shape: torch.Size([120, 110, 5]) y_test shape: torch.Size([120, 12])
[Total Tiles]: 9 	 AR11928 - Tile: 2
X_train_final shape: torch.Size([120, 110, 5]) y_train shape: torch.Size([120, 12])
X_test_final shape: torch.Size([120, 110, 5]) y_test shape: torch.Size([120, 12])
[Total Tiles]: 9 	 AR11928 - Tile: 3
X_train_final shape: torch.Size([120, 110, 5]) y_train shape: torch.Size([120, 12])
X_test_final shape: torch.Size([120, 110, 5]) y_test shape: torch.Size([120, 12])
[Total Tiles]: 9 	 AR11928 - Tile: 4
X_train_final shape: torch.Size([120, 110, 5]) y_train shape: torch.Size([120, 12])
X_test_final shape: torch.Size([120, 110, 5]) y_test shape: torch.Size([120, 12])
[Total Tiles]: 9 	 AR11928 - Tile: 5
X_train_final shape: torch.Size([120, 110, 5]) y_train shape: torch.Size([120, 12])
X_test_final shape: torch.Size([120, 110, 5]) y_test shape: torch.Size([120, 12])
[Total Tiles]: 9 	 AR11928 - Tile: 6
X_train_final shape: torch.Size([120, 110, 5]) y_train shape: torch.Size([120, 12])
X_test_final shape: torch.Size([120, 110, 5]) y_test shape: torch.Size([120, 12])
[Total Tiles]: 9 	 AR11928 - Tile: 7
X_train_final shape: torch.Size([120, 110, 5]) y_train shape: torch.Size([120, 12])
X_test_final shape: torch.Size([120, 110, 5]) y_test shape: torch.Size([120, 12])
[Total Tiles]: 9 	 AR11928 - Tile: 8
X_train_final shape: torch.Size([120, 110, 5]) y_train shape: torch.Size([120, 12])
X_test_final shape: torch.Size([120, 110, 5]) y_test shape: torch.Size([120, 12])
[Total Tiles]: 9 	 AR12036 - Tile: 0
X_train_final shape: torch.Size([120, 110, 5]) y_train shape: torch.Size([120, 12])
X_test_final shape: torch.Size([120, 110, 5]) y_test shape: torch.Size([120, 12])
[Total Tiles]: 9 	 AR12036 - Tile: 1
X_train_final shape: torch.Size([120, 110, 5]) y_train shape: torch.Size([120, 12])
X_test_final shape: torch.Size([120, 110, 5]) y_test shape: torch.Size([120, 12])
[Total Tiles]: 9 	 AR12036 - Tile: 2
X_train_final shape: torch.Size([120, 110, 5]) y_train shape: torch.Size([120, 12])
X_test_final shape: torch.Size([120, 110, 5]) y_test shape: torch.Size([120, 12])
[Total Tiles]: 9 	 AR12036 - Tile: 3
X_train_final shape: torch.Size([120, 110, 5]) y_train shape: torch.Size([120, 12])
X_test_final shape: torch.Size([120, 110, 5]) y_test shape: torch.Size([120, 12])
[Total Tiles]: 9 	 AR12036 - Tile: 4
X_train_final shape: torch.Size([120, 110, 5]) y_train shape: torch.Size([120, 12])
X_test_final shape: torch.Size([120, 110, 5]) y_test shape: torch.Size([120, 12])
[Total Tiles]: 9 	 AR12036 - Tile: 5
X_train_final shape: torch.Size([120, 110, 5]) y_train shape: torch.Size([120, 12])
X_test_final shape: torch.Size([120, 110, 5]) y_test shape: torch.Size([120, 12])
[Total Tiles]: 9 	 AR12036 - Tile: 6
X_train_final shape: torch.Size([120, 110, 5]) y_train shape: torch.Size([120, 12])
X_test_final shape: torch.Size([120, 110, 5]) y_test shape: torch.Size([120, 12])
[Total Tiles]: 9 	 AR12036 - Tile: 7
X_train_final shape: torch.Size([120, 110, 5]) y_train shape: torch.Size([120, 12])
X_test_final shape: torch.Size([120, 110, 5]) y_test shape: torch.Size([120, 12])
[Total Tiles]: 9 	 AR12036 - Tile: 8
X_train_final shape: torch.Size([120, 110, 5]) y_train shape: torch.Size([120, 12])
X_test_final shape: torch.Size([120, 110, 5]) y_test shape: torch.Size([120, 12])
[Total Tiles]: 9 	 AR12051 - Tile: 0
X_train_final shape: torch.Size([120, 110, 5]) y_train shape: torch.Size([120, 12])
X_test_final shape: torch.Size([120, 110, 5]) y_test shape: torch.Size([120, 12])
[Total Tiles]: 9 	 AR12051 - Tile: 1
X_train_final shape: torch.Size([120, 110, 5]) y_train shape: torch.Size([120, 12])
X_test_final shape: torch.Size([120, 110, 5]) y_test shape: torch.Size([120, 12])
[Total Tiles]: 9 	 AR12051 - Tile: 2
X_train_final shape: torch.Size([120, 110, 5]) y_train shape: torch.Size([120, 12])
X_test_final shape: torch.Size([120, 110, 5]) y_test shape: torch.Size([120, 12])
[Total Tiles]: 9 	 AR12051 - Tile: 3
X_train_final shape: torch.Size([120, 110, 5]) y_train shape: torch.Size([120, 12])
X_test_final shape: torch.Size([120, 110, 5]) y_test shape: torch.Size([120, 12])
[Total Tiles]: 9 	 AR12051 - Tile: 4
X_train_final shape: torch.Size([120, 110, 5]) y_train shape: torch.Size([120, 12])
X_test_final shape: torch.Size([120, 110, 5]) y_test shape: torch.Size([120, 12])
[Total Tiles]: 9 	 AR12051 - Tile: 5
X_train_final shape: torch.Size([120, 110, 5]) y_train shape: torch.Size([120, 12])
X_test_final shape: torch.Size([120, 110, 5]) y_test shape: torch.Size([120, 12])
[Total Tiles]: 9 	 AR12051 - Tile: 6
X_train_final shape: torch.Size([120, 110, 5]) y_train shape: torch.Size([120, 12])
X_test_final shape: torch.Size([120, 110, 5]) y_test shape: torch.Size([120, 12])
[Total Tiles]: 9 	 AR12051 - Tile: 7
X_train_final shape: torch.Size([120, 110, 5]) y_train shape: torch.Size([120, 12])
X_test_final shape: torch.Size([120, 110, 5]) y_test shape: torch.Size([120, 12])
[Total Tiles]: 9 	 AR12051 - Tile: 8
X_train_final shape: torch.Size([120, 110, 5]) y_train shape: torch.Size([120, 12])
X_test_final shape: torch.Size([120, 110, 5]) y_test shape: torch.Size([120, 12])
[Total Tiles]: 9 	 AR12085 - Tile: 0
X_train_final shape: torch.Size([120, 110, 5]) y_train shape: torch.Size([120, 12])
X_test_final shape: torch.Size([120, 110, 5]) y_test shape: torch.Size([120, 12])
[Total Tiles]: 9 	 AR12085 - Tile: 1
X_train_final shape: torch.Size([120, 110, 5]) y_train shape: torch.Size([120, 12])
X_test_final shape: torch.Size([120, 110, 5]) y_test shape: torch.Size([120, 12])
[Total Tiles]: 9 	 AR12085 - Tile: 2
X_train_final shape: torch.Size([120, 110, 5]) y_train shape: torch.Size([120, 12])
X_test_final shape: torch.Size([120, 110, 5]) y_test shape: torch.Size([120, 12])
[Total Tiles]: 9 	 AR12085 - Tile: 3
X_train_final shape: torch.Size([120, 110, 5]) y_train shape: torch.Size([120, 12])
X_test_final shape: torch.Size([120, 110, 5]) y_test shape: torch.Size([120, 12])
[Total Tiles]: 9 	 AR12085 - Tile: 4
X_train_final shape: torch.Size([120, 110, 5]) y_train shape: torch.Size([120, 12])
X_test_final shape: torch.Size([120, 110, 5]) y_test shape: torch.Size([120, 12])
[Total Tiles]: 9 	 AR12085 - Tile: 5
X_train_final shape: torch.Size([120, 110, 5]) y_train shape: torch.Size([120, 12])
X_test_final shape: torch.Size([120, 110, 5]) y_test shape: torch.Size([120, 12])
[Total Tiles]: 9 	 AR12085 - Tile: 6
X_train_final shape: torch.Size([120, 110, 5]) y_train shape: torch.Size([120, 12])
X_test_final shape: torch.Size([120, 110, 5]) y_test shape: torch.Size([120, 12])
[Total Tiles]: 9 	 AR12085 - Tile: 7
X_train_final shape: torch.Size([120, 110, 5]) y_train shape: torch.Size([120, 12])
X_test_final shape: torch.Size([120, 110, 5]) y_test shape: torch.Size([120, 12])
[Total Tiles]: 9 	 AR12085 - Tile: 8
X_train_final shape: torch.Size([120, 110, 5]) y_train shape: torch.Size([120, 12])
X_test_final shape: torch.Size([120, 110, 5]) y_test shape: torch.Size([120, 12])
[Total Tiles]: 9 	 AR12089 - Tile: 0
X_train_final shape: torch.Size([120, 110, 5]) y_train shape: torch.Size([120, 12])
X_test_final shape: torch.Size([120, 110, 5]) y_test shape: torch.Size([120, 12])
[Total Tiles]: 9 	 AR12089 - Tile: 1
X_train_final shape: torch.Size([120, 110, 5]) y_train shape: torch.Size([120, 12])
X_test_final shape: torch.Size([120, 110, 5]) y_test shape: torch.Size([120, 12])
[Total Tiles]: 9 	 AR12089 - Tile: 2
X_train_final shape: torch.Size([120, 110, 5]) y_train shape: torch.Size([120, 12])
X_test_final shape: torch.Size([120, 110, 5]) y_test shape: torch.Size([120, 12])
[Total Tiles]: 9 	 AR12089 - Tile: 3
X_train_final shape: torch.Size([120, 110, 5]) y_train shape: torch.Size([120, 12])
X_test_final shape: torch.Size([120, 110, 5]) y_test shape: torch.Size([120, 12])
[Total Tiles]: 9 	 AR12089 - Tile: 4
X_train_final shape: torch.Size([120, 110, 5]) y_train shape: torch.Size([120, 12])
X_test_final shape: torch.Size([120, 110, 5]) y_test shape: torch.Size([120, 12])
[Total Tiles]: 9 	 AR12089 - Tile: 5
X_train_final shape: torch.Size([120, 110, 5]) y_train shape: torch.Size([120, 12])
X_test_final shape: torch.Size([120, 110, 5]) y_test shape: torch.Size([120, 12])
[Total Tiles]: 9 	 AR12089 - Tile: 6
X_train_final shape: torch.Size([120, 110, 5]) y_train shape: torch.Size([120, 12])
X_test_final shape: torch.Size([120, 110, 5]) y_test shape: torch.Size([120, 12])
[Total Tiles]: 9 	 AR12089 - Tile: 7
X_train_final shape: torch.Size([120, 110, 5]) y_train shape: torch.Size([120, 12])
X_test_final shape: torch.Size([120, 110, 5]) y_test shape: torch.Size([120, 12])
[Total Tiles]: 9 	 AR12089 - Tile: 8
X_train_final shape: torch.Size([120, 110, 5]) y_train shape: torch.Size([120, 12])
X_test_final shape: torch.Size([120, 110, 5]) y_test shape: torch.Size([120, 12])
[Total Tiles]: 9 	 AR12144 - Tile: 0
X_train_final shape: torch.Size([120, 110, 5]) y_train shape: torch.Size([120, 12])
X_test_final shape: torch.Size([120, 110, 5]) y_test shape: torch.Size([120, 12])
[Total Tiles]: 9 	 AR12144 - Tile: 1
X_train_final shape: torch.Size([120, 110, 5]) y_train shape: torch.Size([120, 12])
X_test_final shape: torch.Size([120, 110, 5]) y_test shape: torch.Size([120, 12])
[Total Tiles]: 9 	 AR12144 - Tile: 2
X_train_final shape: torch.Size([120, 110, 5]) y_train shape: torch.Size([120, 12])
X_test_final shape: torch.Size([120, 110, 5]) y_test shape: torch.Size([120, 12])
[Total Tiles]: 9 	 AR12144 - Tile: 3
X_train_final shape: torch.Size([120, 110, 5]) y_train shape: torch.Size([120, 12])
X_test_final shape: torch.Size([120, 110, 5]) y_test shape: torch.Size([120, 12])
[Total Tiles]: 9 	 AR12144 - Tile: 4
X_train_final shape: torch.Size([120, 110, 5]) y_train shape: torch.Size([120, 12])
X_test_final shape: torch.Size([120, 110, 5]) y_test shape: torch.Size([120, 12])
[Total Tiles]: 9 	 AR12144 - Tile: 5
X_train_final shape: torch.Size([120, 110, 5]) y_train shape: torch.Size([120, 12])
X_test_final shape: torch.Size([120, 110, 5]) y_test shape: torch.Size([120, 12])
[Total Tiles]: 9 	 AR12144 - Tile: 6
X_train_final shape: torch.Size([120, 110, 5]) y_train shape: torch.Size([120, 12])
X_test_final shape: torch.Size([120, 110, 5]) y_test shape: torch.Size([120, 12])
[Total Tiles]: 9 	 AR12144 - Tile: 7
X_train_final shape: torch.Size([120, 110, 5]) y_train shape: torch.Size([120, 12])
X_test_final shape: torch.Size([120, 110, 5]) y_test shape: torch.Size([120, 12])
[Total Tiles]: 9 	 AR12144 - Tile: 8
X_train_final shape: torch.Size([120, 110, 5]) y_train shape: torch.Size([120, 12])
X_test_final shape: torch.Size([120, 110, 5]) y_test shape: torch.Size([120, 12])
[Total Tiles]: 9 	 AR12175 - Tile: 0
X_train_final shape: torch.Size([120, 110, 5]) y_train shape: torch.Size([120, 12])
X_test_final shape: torch.Size([120, 110, 5]) y_test shape: torch.Size([120, 12])
[Total Tiles]: 9 	 AR12175 - Tile: 1
X_train_final shape: torch.Size([120, 110, 5]) y_train shape: torch.Size([120, 12])
X_test_final shape: torch.Size([120, 110, 5]) y_test shape: torch.Size([120, 12])
[Total Tiles]: 9 	 AR12175 - Tile: 2
X_train_final shape: torch.Size([120, 110, 5]) y_train shape: torch.Size([120, 12])
X_test_final shape: torch.Size([120, 110, 5]) y_test shape: torch.Size([120, 12])
[Total Tiles]: 9 	 AR12175 - Tile: 3
X_train_final shape: torch.Size([120, 110, 5]) y_train shape: torch.Size([120, 12])
X_test_final shape: torch.Size([120, 110, 5]) y_test shape: torch.Size([120, 12])
[Total Tiles]: 9 	 AR12175 - Tile: 4
X_train_final shape: torch.Size([120, 110, 5]) y_train shape: torch.Size([120, 12])
X_test_final shape: torch.Size([120, 110, 5]) y_test shape: torch.Size([120, 12])
[Total Tiles]: 9 	 AR12175 - Tile: 5
X_train_final shape: torch.Size([120, 110, 5]) y_train shape: torch.Size([120, 12])
X_test_final shape: torch.Size([120, 110, 5]) y_test shape: torch.Size([120, 12])
[Total Tiles]: 9 	 AR12175 - Tile: 6
X_train_final shape: torch.Size([120, 110, 5]) y_train shape: torch.Size([120, 12])
X_test_final shape: torch.Size([120, 110, 5]) y_test shape: torch.Size([120, 12])
[Total Tiles]: 9 	 AR12175 - Tile: 7
X_train_final shape: torch.Size([120, 110, 5]) y_train shape: torch.Size([120, 12])
X_test_final shape: torch.Size([120, 110, 5]) y_test shape: torch.Size([120, 12])
[Total Tiles]: 9 	 AR12175 - Tile: 8
X_train_final shape: torch.Size([120, 110, 5]) y_train shape: torch.Size([120, 12])
X_test_final shape: torch.Size([120, 110, 5]) y_test shape: torch.Size([120, 12])
[Total Tiles]: 9 	 AR12203 - Tile: 0
X_train_final shape: torch.Size([120, 110, 5]) y_train shape: torch.Size([120, 12])
X_test_final shape: torch.Size([120, 110, 5]) y_test shape: torch.Size([120, 12])
[Total Tiles]: 9 	 AR12203 - Tile: 1
X_train_final shape: torch.Size([120, 110, 5]) y_train shape: torch.Size([120, 12])
X_test_final shape: torch.Size([120, 110, 5]) y_test shape: torch.Size([120, 12])
[Total Tiles]: 9 	 AR12203 - Tile: 2
X_train_final shape: torch.Size([120, 110, 5]) y_train shape: torch.Size([120, 12])
X_test_final shape: torch.Size([120, 110, 5]) y_test shape: torch.Size([120, 12])
[Total Tiles]: 9 	 AR12203 - Tile: 3
X_train_final shape: torch.Size([120, 110, 5]) y_train shape: torch.Size([120, 12])
X_test_final shape: torch.Size([120, 110, 5]) y_test shape: torch.Size([120, 12])
[Total Tiles]: 9 	 AR12203 - Tile: 4
X_train_final shape: torch.Size([120, 110, 5]) y_train shape: torch.Size([120, 12])
X_test_final shape: torch.Size([120, 110, 5]) y_test shape: torch.Size([120, 12])
[Total Tiles]: 9 	 AR12203 - Tile: 5
X_train_final shape: torch.Size([120, 110, 5]) y_train shape: torch.Size([120, 12])
X_test_final shape: torch.Size([120, 110, 5]) y_test shape: torch.Size([120, 12])
[Total Tiles]: 9 	 AR12203 - Tile: 6
X_train_final shape: torch.Size([120, 110, 5]) y_train shape: torch.Size([120, 12])
X_test_final shape: torch.Size([120, 110, 5]) y_test shape: torch.Size([120, 12])
[Total Tiles]: 9 	 AR12203 - Tile: 7
X_train_final shape: torch.Size([120, 110, 5]) y_train shape: torch.Size([120, 12])
X_test_final shape: torch.Size([120, 110, 5]) y_test shape: torch.Size([120, 12])
[Total Tiles]: 9 	 AR12203 - Tile: 8
X_train_final shape: torch.Size([120, 110, 5]) y_train shape: torch.Size([120, 12])
X_test_final shape: torch.Size([120, 110, 5]) y_test shape: torch.Size([120, 12])
[Total Tiles]: 9 	 AR12257 - Tile: 0
X_train_final shape: torch.Size([120, 110, 5]) y_train shape: torch.Size([120, 12])
X_test_final shape: torch.Size([120, 110, 5]) y_test shape: torch.Size([120, 12])
[Total Tiles]: 9 	 AR12257 - Tile: 1
X_train_final shape: torch.Size([120, 110, 5]) y_train shape: torch.Size([120, 12])
X_test_final shape: torch.Size([120, 110, 5]) y_test shape: torch.Size([120, 12])
[Total Tiles]: 9 	 AR12257 - Tile: 2
X_train_final shape: torch.Size([120, 110, 5]) y_train shape: torch.Size([120, 12])
X_test_final shape: torch.Size([120, 110, 5]) y_test shape: torch.Size([120, 12])
[Total Tiles]: 9 	 AR12257 - Tile: 3
X_train_final shape: torch.Size([120, 110, 5]) y_train shape: torch.Size([120, 12])
X_test_final shape: torch.Size([120, 110, 5]) y_test shape: torch.Size([120, 12])
[Total Tiles]: 9 	 AR12257 - Tile: 4
X_train_final shape: torch.Size([120, 110, 5]) y_train shape: torch.Size([120, 12])
X_test_final shape: torch.Size([120, 110, 5]) y_test shape: torch.Size([120, 12])
[Total Tiles]: 9 	 AR12257 - Tile: 5
X_train_final shape: torch.Size([120, 110, 5]) y_train shape: torch.Size([120, 12])
X_test_final shape: torch.Size([120, 110, 5]) y_test shape: torch.Size([120, 12])
[Total Tiles]: 9 	 AR12257 - Tile: 6
X_train_final shape: torch.Size([120, 110, 5]) y_train shape: torch.Size([120, 12])
X_test_final shape: torch.Size([120, 110, 5]) y_test shape: torch.Size([120, 12])
[Total Tiles]: 9 	 AR12257 - Tile: 7
X_train_final shape: torch.Size([120, 110, 5]) y_train shape: torch.Size([120, 12])
X_test_final shape: torch.Size([120, 110, 5]) y_test shape: torch.Size([120, 12])
[Total Tiles]: 9 	 AR12257 - Tile: 8
X_train_final shape: torch.Size([120, 110, 5]) y_train shape: torch.Size([120, 12])
X_test_final shape: torch.Size([120, 110, 5]) y_test shape: torch.Size([120, 12])
[Total Tiles]: 9 	 AR12331 - Tile: 0
X_train_final shape: torch.Size([120, 110, 5]) y_train shape: torch.Size([120, 12])
X_test_final shape: torch.Size([120, 110, 5]) y_test shape: torch.Size([120, 12])
[Total Tiles]: 9 	 AR12331 - Tile: 1
X_train_final shape: torch.Size([120, 110, 5]) y_train shape: torch.Size([120, 12])
X_test_final shape: torch.Size([120, 110, 5]) y_test shape: torch.Size([120, 12])
[Total Tiles]: 9 	 AR12331 - Tile: 2
X_train_final shape: torch.Size([120, 110, 5]) y_train shape: torch.Size([120, 12])
X_test_final shape: torch.Size([120, 110, 5]) y_test shape: torch.Size([120, 12])
[Total Tiles]: 9 	 AR12331 - Tile: 3
X_train_final shape: torch.Size([120, 110, 5]) y_train shape: torch.Size([120, 12])
X_test_final shape: torch.Size([120, 110, 5]) y_test shape: torch.Size([120, 12])
[Total Tiles]: 9 	 AR12331 - Tile: 4
X_train_final shape: torch.Size([120, 110, 5]) y_train shape: torch.Size([120, 12])
X_test_final shape: torch.Size([120, 110, 5]) y_test shape: torch.Size([120, 12])
[Total Tiles]: 9 	 AR12331 - Tile: 5
X_train_final shape: torch.Size([120, 110, 5]) y_train shape: torch.Size([120, 12])
X_test_final shape: torch.Size([120, 110, 5]) y_test shape: torch.Size([120, 12])
[Total Tiles]: 9 	 AR12331 - Tile: 6
X_train_final shape: torch.Size([120, 110, 5]) y_train shape: torch.Size([120, 12])
X_test_final shape: torch.Size([120, 110, 5]) y_test shape: torch.Size([120, 12])
[Total Tiles]: 9 	 AR12331 - Tile: 7
X_train_final shape: torch.Size([120, 110, 5]) y_train shape: torch.Size([120, 12])
X_test_final shape: torch.Size([120, 110, 5]) y_test shape: torch.Size([120, 12])
[Total Tiles]: 9 	 AR12331 - Tile: 8
X_train_final shape: torch.Size([120, 110, 5]) y_train shape: torch.Size([120, 12])
X_test_final shape: torch.Size([120, 110, 5]) y_test shape: torch.Size([120, 12])
[Total Tiles]: 9 	 AR12494 - Tile: 0
X_train_final shape: torch.Size([120, 110, 5]) y_train shape: torch.Size([120, 12])
X_test_final shape: torch.Size([120, 110, 5]) y_test shape: torch.Size([120, 12])
[Total Tiles]: 9 	 AR12494 - Tile: 1
X_train_final shape: torch.Size([120, 110, 5]) y_train shape: torch.Size([120, 12])
X_test_final shape: torch.Size([120, 110, 5]) y_test shape: torch.Size([120, 12])
[Total Tiles]: 9 	 AR12494 - Tile: 2
X_train_final shape: torch.Size([120, 110, 5]) y_train shape: torch.Size([120, 12])
X_test_final shape: torch.Size([120, 110, 5]) y_test shape: torch.Size([120, 12])
[Total Tiles]: 9 	 AR12494 - Tile: 3
X_train_final shape: torch.Size([120, 110, 5]) y_train shape: torch.Size([120, 12])
X_test_final shape: torch.Size([120, 110, 5]) y_test shape: torch.Size([120, 12])
[Total Tiles]: 9 	 AR12494 - Tile: 4
X_train_final shape: torch.Size([120, 110, 5]) y_train shape: torch.Size([120, 12])
X_test_final shape: torch.Size([120, 110, 5]) y_test shape: torch.Size([120, 12])
[Total Tiles]: 9 	 AR12494 - Tile: 5
X_train_final shape: torch.Size([120, 110, 5]) y_train shape: torch.Size([120, 12])
X_test_final shape: torch.Size([120, 110, 5]) y_test shape: torch.Size([120, 12])
[Total Tiles]: 9 	 AR12494 - Tile: 6
X_train_final shape: torch.Size([120, 110, 5]) y_train shape: torch.Size([120, 12])
X_test_final shape: torch.Size([120, 110, 5]) y_test shape: torch.Size([120, 12])
[Total Tiles]: 9 	 AR12494 - Tile: 7
X_train_final shape: torch.Size([120, 110, 5]) y_train shape: torch.Size([120, 12])
X_test_final shape: torch.Size([120, 110, 5]) y_test shape: torch.Size([120, 12])
[Total Tiles]: 9 	 AR12494 - Tile: 8
X_train_final shape: torch.Size([120, 110, 5]) y_train shape: torch.Size([120, 12])
X_test_final shape: torch.Size([120, 110, 5]) y_test shape: torch.Size([120, 12])
[Total Tiles]: 9 	 AR12659 - Tile: 0
X_train_final shape: torch.Size([120, 110, 5]) y_train shape: torch.Size([120, 12])
X_test_final shape: torch.Size([120, 110, 5]) y_test shape: torch.Size([120, 12])
[Total Tiles]: 9 	 AR12659 - Tile: 1
X_train_final shape: torch.Size([120, 110, 5]) y_train shape: torch.Size([120, 12])
X_test_final shape: torch.Size([120, 110, 5]) y_test shape: torch.Size([120, 12])
[Total Tiles]: 9 	 AR12659 - Tile: 2
X_train_final shape: torch.Size([120, 110, 5]) y_train shape: torch.Size([120, 12])
X_test_final shape: torch.Size([120, 110, 5]) y_test shape: torch.Size([120, 12])
[Total Tiles]: 9 	 AR12659 - Tile: 3
X_train_final shape: torch.Size([120, 110, 5]) y_train shape: torch.Size([120, 12])
X_test_final shape: torch.Size([120, 110, 5]) y_test shape: torch.Size([120, 12])
[Total Tiles]: 9 	 AR12659 - Tile: 4
X_train_final shape: torch.Size([120, 110, 5]) y_train shape: torch.Size([120, 12])
X_test_final shape: torch.Size([120, 110, 5]) y_test shape: torch.Size([120, 12])
[Total Tiles]: 9 	 AR12659 - Tile: 5
X_train_final shape: torch.Size([120, 110, 5]) y_train shape: torch.Size([120, 12])
X_test_final shape: torch.Size([120, 110, 5]) y_test shape: torch.Size([120, 12])
[Total Tiles]: 9 	 AR12659 - Tile: 6
X_train_final shape: torch.Size([120, 110, 5]) y_train shape: torch.Size([120, 12])
X_test_final shape: torch.Size([120, 110, 5]) y_test shape: torch.Size([120, 12])
[Total Tiles]: 9 	 AR12659 - Tile: 7
X_train_final shape: torch.Size([120, 110, 5]) y_train shape: torch.Size([120, 12])
X_test_final shape: torch.Size([120, 110, 5]) y_test shape: torch.Size([120, 12])
[Total Tiles]: 9 	 AR12659 - Tile: 8
X_train_final shape: torch.Size([120, 110, 5]) y_train shape: torch.Size([120, 12])
X_test_final shape: torch.Size([120, 110, 5]) y_test shape: torch.Size([120, 12])
[Total Tiles]: 9 	 AR12778 - Tile: 0
X_train_final shape: torch.Size([120, 110, 5]) y_train shape: torch.Size([120, 12])
X_test_final shape: torch.Size([120, 110, 5]) y_test shape: torch.Size([120, 12])
[Total Tiles]: 9 	 AR12778 - Tile: 1
X_train_final shape: torch.Size([120, 110, 5]) y_train shape: torch.Size([120, 12])
X_test_final shape: torch.Size([120, 110, 5]) y_test shape: torch.Size([120, 12])
[Total Tiles]: 9 	 AR12778 - Tile: 2
X_train_final shape: torch.Size([120, 110, 5]) y_train shape: torch.Size([120, 12])
X_test_final shape: torch.Size([120, 110, 5]) y_test shape: torch.Size([120, 12])
[Total Tiles]: 9 	 AR12778 - Tile: 3
X_train_final shape: torch.Size([120, 110, 5]) y_train shape: torch.Size([120, 12])
X_test_final shape: torch.Size([120, 110, 5]) y_test shape: torch.Size([120, 12])
[Total Tiles]: 9 	 AR12778 - Tile: 4
X_train_final shape: torch.Size([120, 110, 5]) y_train shape: torch.Size([120, 12])
X_test_final shape: torch.Size([120, 110, 5]) y_test shape: torch.Size([120, 12])
[Total Tiles]: 9 	 AR12778 - Tile: 5
X_train_final shape: torch.Size([120, 110, 5]) y_train shape: torch.Size([120, 12])
X_test_final shape: torch.Size([120, 110, 5]) y_test shape: torch.Size([120, 12])
[Total Tiles]: 9 	 AR12778 - Tile: 6
X_train_final shape: torch.Size([120, 110, 5]) y_train shape: torch.Size([120, 12])
X_test_final shape: torch.Size([120, 110, 5]) y_test shape: torch.Size([120, 12])
[Total Tiles]: 9 	 AR12778 - Tile: 7
X_train_final shape: torch.Size([120, 110, 5]) y_train shape: torch.Size([120, 12])
X_test_final shape: torch.Size([120, 110, 5]) y_test shape: torch.Size([120, 12])
[Total Tiles]: 9 	 AR12778 - Tile: 8
X_train_final shape: torch.Size([120, 110, 5]) y_train shape: torch.Size([120, 12])
X_test_final shape: torch.Size([120, 110, 5]) y_test shape: torch.Size([120, 12])
[Total Tiles]: 9 	 AR12864 - Tile: 0
X_train_final shape: torch.Size([120, 110, 5]) y_train shape: torch.Size([120, 12])
X_test_final shape: torch.Size([120, 110, 5]) y_test shape: torch.Size([120, 12])
[Total Tiles]: 9 	 AR12864 - Tile: 1
X_train_final shape: torch.Size([120, 110, 5]) y_train shape: torch.Size([120, 12])
X_test_final shape: torch.Size([120, 110, 5]) y_test shape: torch.Size([120, 12])
[Total Tiles]: 9 	 AR12864 - Tile: 2
X_train_final shape: torch.Size([120, 110, 5]) y_train shape: torch.Size([120, 12])
X_test_final shape: torch.Size([120, 110, 5]) y_test shape: torch.Size([120, 12])
[Total Tiles]: 9 	 AR12864 - Tile: 3
X_train_final shape: torch.Size([120, 110, 5]) y_train shape: torch.Size([120, 12])
X_test_final shape: torch.Size([120, 110, 5]) y_test shape: torch.Size([120, 12])
[Total Tiles]: 9 	 AR12864 - Tile: 4
X_train_final shape: torch.Size([120, 110, 5]) y_train shape: torch.Size([120, 12])
X_test_final shape: torch.Size([120, 110, 5]) y_test shape: torch.Size([120, 12])
[Total Tiles]: 9 	 AR12864 - Tile: 5
X_train_final shape: torch.Size([120, 110, 5]) y_train shape: torch.Size([120, 12])
X_test_final shape: torch.Size([120, 110, 5]) y_test shape: torch.Size([120, 12])
[Total Tiles]: 9 	 AR12864 - Tile: 6
X_train_final shape: torch.Size([120, 110, 5]) y_train shape: torch.Size([120, 12])
X_test_final shape: torch.Size([120, 110, 5]) y_test shape: torch.Size([120, 12])
[Total Tiles]: 9 	 AR12864 - Tile: 7
X_train_final shape: torch.Size([120, 110, 5]) y_train shape: torch.Size([120, 12])
X_test_final shape: torch.Size([120, 110, 5]) y_test shape: torch.Size([120, 12])
[Total Tiles]: 9 	 AR12864 - Tile: 8
X_train_final shape: torch.Size([120, 110, 5]) y_train shape: torch.Size([120, 12])
X_test_final shape: torch.Size([120, 110, 5]) y_test shape: torch.Size([120, 12])
[Total Tiles]: 9 	 AR12877 - Tile: 0
X_train_final shape: torch.Size([120, 110, 5]) y_train shape: torch.Size([120, 12])
X_test_final shape: torch.Size([120, 110, 5]) y_test shape: torch.Size([120, 12])
[Total Tiles]: 9 	 AR12877 - Tile: 1
X_train_final shape: torch.Size([120, 110, 5]) y_train shape: torch.Size([120, 12])
X_test_final shape: torch.Size([120, 110, 5]) y_test shape: torch.Size([120, 12])
[Total Tiles]: 9 	 AR12877 - Tile: 2
X_train_final shape: torch.Size([120, 110, 5]) y_train shape: torch.Size([120, 12])
X_test_final shape: torch.Size([120, 110, 5]) y_test shape: torch.Size([120, 12])
[Total Tiles]: 9 	 AR12877 - Tile: 3
X_train_final shape: torch.Size([120, 110, 5]) y_train shape: torch.Size([120, 12])
X_test_final shape: torch.Size([120, 110, 5]) y_test shape: torch.Size([120, 12])
[Total Tiles]: 9 	 AR12877 - Tile: 4
X_train_final shape: torch.Size([120, 110, 5]) y_train shape: torch.Size([120, 12])
X_test_final shape: torch.Size([120, 110, 5]) y_test shape: torch.Size([120, 12])
[Total Tiles]: 9 	 AR12877 - Tile: 5
X_train_final shape: torch.Size([120, 110, 5]) y_train shape: torch.Size([120, 12])
X_test_final shape: torch.Size([120, 110, 5]) y_test shape: torch.Size([120, 12])
[Total Tiles]: 9 	 AR12877 - Tile: 6
X_train_final shape: torch.Size([120, 110, 5]) y_train shape: torch.Size([120, 12])
X_test_final shape: torch.Size([120, 110, 5]) y_test shape: torch.Size([120, 12])
[Total Tiles]: 9 	 AR12877 - Tile: 7
X_train_final shape: torch.Size([120, 110, 5]) y_train shape: torch.Size([120, 12])
X_test_final shape: torch.Size([120, 110, 5]) y_test shape: torch.Size([120, 12])
[Total Tiles]: 9 	 AR12877 - Tile: 8
X_train_final shape: torch.Size([120, 110, 5]) y_train shape: torch.Size([120, 12])
X_test_final shape: torch.Size([120, 110, 5]) y_test shape: torch.Size([120, 12])
[Total Tiles]: 9 	 AR12900 - Tile: 0
X_train_final shape: torch.Size([120, 110, 5]) y_train shape: torch.Size([120, 12])
X_test_final shape: torch.Size([120, 110, 5]) y_test shape: torch.Size([120, 12])
[Total Tiles]: 9 	 AR12900 - Tile: 1
X_train_final shape: torch.Size([120, 110, 5]) y_train shape: torch.Size([120, 12])
X_test_final shape: torch.Size([120, 110, 5]) y_test shape: torch.Size([120, 12])
[Total Tiles]: 9 	 AR12900 - Tile: 2
X_train_final shape: torch.Size([120, 110, 5]) y_train shape: torch.Size([120, 12])
X_test_final shape: torch.Size([120, 110, 5]) y_test shape: torch.Size([120, 12])
[Total Tiles]: 9 	 AR12900 - Tile: 3
X_train_final shape: torch.Size([120, 110, 5]) y_train shape: torch.Size([120, 12])
X_test_final shape: torch.Size([120, 110, 5]) y_test shape: torch.Size([120, 12])
[Total Tiles]: 9 	 AR12900 - Tile: 4
X_train_final shape: torch.Size([120, 110, 5]) y_train shape: torch.Size([120, 12])
X_test_final shape: torch.Size([120, 110, 5]) y_test shape: torch.Size([120, 12])
[Total Tiles]: 9 	 AR12900 - Tile: 5
X_train_final shape: torch.Size([120, 110, 5]) y_train shape: torch.Size([120, 12])
X_test_final shape: torch.Size([120, 110, 5]) y_test shape: torch.Size([120, 12])
[Total Tiles]: 9 	 AR12900 - Tile: 6
X_train_final shape: torch.Size([120, 110, 5]) y_train shape: torch.Size([120, 12])
X_test_final shape: torch.Size([120, 110, 5]) y_test shape: torch.Size([120, 12])
[Total Tiles]: 9 	 AR12900 - Tile: 7
X_train_final shape: torch.Size([120, 110, 5]) y_train shape: torch.Size([120, 12])
X_test_final shape: torch.Size([120, 110, 5]) y_test shape: torch.Size([120, 12])
[Total Tiles]: 9 	 AR12900 - Tile: 8
X_train_final shape: torch.Size([120, 110, 5]) y_train shape: torch.Size([120, 12])
X_test_final shape: torch.Size([120, 110, 5]) y_test shape: torch.Size([120, 12])
[Total Tiles]: 9 	 AR12929 - Tile: 0
X_train_final shape: torch.Size([120, 110, 5]) y_train shape: torch.Size([120, 12])
X_test_final shape: torch.Size([120, 110, 5]) y_test shape: torch.Size([120, 12])
[Total Tiles]: 9 	 AR12929 - Tile: 1
X_train_final shape: torch.Size([120, 110, 5]) y_train shape: torch.Size([120, 12])
X_test_final shape: torch.Size([120, 110, 5]) y_test shape: torch.Size([120, 12])
[Total Tiles]: 9 	 AR12929 - Tile: 2
X_train_final shape: torch.Size([120, 110, 5]) y_train shape: torch.Size([120, 12])
X_test_final shape: torch.Size([120, 110, 5]) y_test shape: torch.Size([120, 12])
[Total Tiles]: 9 	 AR12929 - Tile: 3
X_train_final shape: torch.Size([120, 110, 5]) y_train shape: torch.Size([120, 12])
X_test_final shape: torch.Size([120, 110, 5]) y_test shape: torch.Size([120, 12])
[Total Tiles]: 9 	 AR12929 - Tile: 4
X_train_final shape: torch.Size([120, 110, 5]) y_train shape: torch.Size([120, 12])
X_test_final shape: torch.Size([120, 110, 5]) y_test shape: torch.Size([120, 12])
[Total Tiles]: 9 	 AR12929 - Tile: 5
X_train_final shape: torch.Size([120, 110, 5]) y_train shape: torch.Size([120, 12])
X_test_final shape: torch.Size([120, 110, 5]) y_test shape: torch.Size([120, 12])
[Total Tiles]: 9 	 AR12929 - Tile: 6
X_train_final shape: torch.Size([120, 110, 5]) y_train shape: torch.Size([120, 12])
X_test_final shape: torch.Size([120, 110, 5]) y_test shape: torch.Size([120, 12])
[Total Tiles]: 9 	 AR12929 - Tile: 7
X_train_final shape: torch.Size([120, 110, 5]) y_train shape: torch.Size([120, 12])
X_test_final shape: torch.Size([120, 110, 5]) y_test shape: torch.Size([120, 12])
[Total Tiles]: 9 	 AR12929 - Tile: 8
X_train_final shape: torch.Size([120, 110, 5]) y_train shape: torch.Size([120, 12])
X_test_final shape: torch.Size([120, 110, 5]) y_test shape: torch.Size([120, 12])
[Total Tiles]: 9 	 AR13004 - Tile: 0
X_train_final shape: torch.Size([120, 110, 5]) y_train shape: torch.Size([120, 12])
X_test_final shape: torch.Size([120, 110, 5]) y_test shape: torch.Size([120, 12])
[Total Tiles]: 9 	 AR13004 - Tile: 1
X_train_final shape: torch.Size([120, 110, 5]) y_train shape: torch.Size([120, 12])
X_test_final shape: torch.Size([120, 110, 5]) y_test shape: torch.Size([120, 12])
[Total Tiles]: 9 	 AR13004 - Tile: 2
X_train_final shape: torch.Size([120, 110, 5]) y_train shape: torch.Size([120, 12])
X_test_final shape: torch.Size([120, 110, 5]) y_test shape: torch.Size([120, 12])
[Total Tiles]: 9 	 AR13004 - Tile: 3
X_train_final shape: torch.Size([120, 110, 5]) y_train shape: torch.Size([120, 12])
X_test_final shape: torch.Size([120, 110, 5]) y_test shape: torch.Size([120, 12])
[Total Tiles]: 9 	 AR13004 - Tile: 4
X_train_final shape: torch.Size([120, 110, 5]) y_train shape: torch.Size([120, 12])
X_test_final shape: torch.Size([120, 110, 5]) y_test shape: torch.Size([120, 12])
[Total Tiles]: 9 	 AR13004 - Tile: 5
X_train_final shape: torch.Size([120, 110, 5]) y_train shape: torch.Size([120, 12])
X_test_final shape: torch.Size([120, 110, 5]) y_test shape: torch.Size([120, 12])
[Total Tiles]: 9 	 AR13004 - Tile: 6
X_train_final shape: torch.Size([120, 110, 5]) y_train shape: torch.Size([120, 12])
X_test_final shape: torch.Size([120, 110, 5]) y_test shape: torch.Size([120, 12])
[Total Tiles]: 9 	 AR13004 - Tile: 7
X_train_final shape: torch.Size([120, 110, 5]) y_train shape: torch.Size([120, 12])
X_test_final shape: torch.Size([120, 110, 5]) y_test shape: torch.Size([120, 12])
[Total Tiles]: 9 	 AR13004 - Tile: 8
X_train_final shape: torch.Size([120, 110, 5]) y_train shape: torch.Size([120, 12])
X_test_final shape: torch.Size([120, 110, 5]) y_test shape: torch.Size([120, 12])
[Total Tiles]: 9 	 AR13085 - Tile: 0
X_train_final shape: torch.Size([120, 110, 5]) y_train shape: torch.Size([120, 12])
X_test_final shape: torch.Size([120, 110, 5]) y_test shape: torch.Size([120, 12])
[Total Tiles]: 9 	 AR13085 - Tile: 1
X_train_final shape: torch.Size([120, 110, 5]) y_train shape: torch.Size([120, 12])
X_test_final shape: torch.Size([120, 110, 5]) y_test shape: torch.Size([120, 12])
[Total Tiles]: 9 	 AR13085 - Tile: 2
X_train_final shape: torch.Size([120, 110, 5]) y_train shape: torch.Size([120, 12])
X_test_final shape: torch.Size([120, 110, 5]) y_test shape: torch.Size([120, 12])
[Total Tiles]: 9 	 AR13085 - Tile: 3
X_train_final shape: torch.Size([120, 110, 5]) y_train shape: torch.Size([120, 12])
X_test_final shape: torch.Size([120, 110, 5]) y_test shape: torch.Size([120, 12])
[Total Tiles]: 9 	 AR13085 - Tile: 4
X_train_final shape: torch.Size([120, 110, 5]) y_train shape: torch.Size([120, 12])
X_test_final shape: torch.Size([120, 110, 5]) y_test shape: torch.Size([120, 12])
[Total Tiles]: 9 	 AR13085 - Tile: 5
X_train_final shape: torch.Size([120, 110, 5]) y_train shape: torch.Size([120, 12])
X_test_final shape: torch.Size([120, 110, 5]) y_test shape: torch.Size([120, 12])
[Total Tiles]: 9 	 AR13085 - Tile: 6
X_train_final shape: torch.Size([120, 110, 5]) y_train shape: torch.Size([120, 12])
X_test_final shape: torch.Size([120, 110, 5]) y_test shape: torch.Size([120, 12])
[Total Tiles]: 9 	 AR13085 - Tile: 7
X_train_final shape: torch.Size([120, 110, 5]) y_train shape: torch.Size([120, 12])
X_test_final shape: torch.Size([120, 110, 5]) y_test shape: torch.Size([120, 12])
[Total Tiles]: 9 	 AR13085 - Tile: 8
X_train_final shape: torch.Size([120, 110, 5]) y_train shape: torch.Size([120, 12])
X_test_final shape: torch.Size([120, 110, 5]) y_test shape: torch.Size([120, 12])
[Total Tiles]: 9 	 AR13098 - Tile: 0
X_train_final shape: torch.Size([120, 110, 5]) y_train shape: torch.Size([120, 12])
X_test_final shape: torch.Size([120, 110, 5]) y_test shape: torch.Size([120, 12])
[Total Tiles]: 9 	 AR13098 - Tile: 1
X_train_final shape: torch.Size([120, 110, 5]) y_train shape: torch.Size([120, 12])
X_test_final shape: torch.Size([120, 110, 5]) y_test shape: torch.Size([120, 12])
[Total Tiles]: 9 	 AR13098 - Tile: 2
X_train_final shape: torch.Size([120, 110, 5]) y_train shape: torch.Size([120, 12])
X_test_final shape: torch.Size([120, 110, 5]) y_test shape: torch.Size([120, 12])
[Total Tiles]: 9 	 AR13098 - Tile: 3
X_train_final shape: torch.Size([120, 110, 5]) y_train shape: torch.Size([120, 12])
X_test_final shape: torch.Size([120, 110, 5]) y_test shape: torch.Size([120, 12])
[Total Tiles]: 9 	 AR13098 - Tile: 4
X_train_final shape: torch.Size([120, 110, 5]) y_train shape: torch.Size([120, 12])
X_test_final shape: torch.Size([120, 110, 5]) y_test shape: torch.Size([120, 12])
[Total Tiles]: 9 	 AR13098 - Tile: 5
X_train_final shape: torch.Size([120, 110, 5]) y_train shape: torch.Size([120, 12])
X_test_final shape: torch.Size([120, 110, 5]) y_test shape: torch.Size([120, 12])
[Total Tiles]: 9 	 AR13098 - Tile: 6
X_train_final shape: torch.Size([120, 110, 5]) y_train shape: torch.Size([120, 12])
X_test_final shape: torch.Size([120, 110, 5]) y_test shape: torch.Size([120, 12])
[Total Tiles]: 9 	 AR13098 - Tile: 7
X_train_final shape: torch.Size([120, 110, 5]) y_train shape: torch.Size([120, 12])
X_test_final shape: torch.Size([120, 110, 5]) y_test shape: torch.Size([120, 12])
[Total Tiles]: 9 	 AR13098 - Tile: 8
X_train_final shape: torch.Size([120, 110, 5]) y_train shape: torch.Size([120, 12])
X_test_final shape: torch.Size([120, 110, 5]) y_test shape: torch.Size([120, 12])
Elapsed time: 551.4177003105482 minutes
Results saved at: ./results/st_transformer/t12_r4_i110_n7_h408_e500_l0.009810255183792306_training_stats.txt
Loss curves saved at: ./results/st_transformer/t12_r4_i110_n7_h408_e500_l0.009810255183792306_loss_curves.pdf
Model saved at: ./results/st_transformer/t12_r4_i110_n7_h408_e500_l0.009810255183792306.pth

Final Average Metrics:
MAE: 0.1480
MSE: 0.0328
RMSE: 0.1810
RMSLE: 0.1132
R: -0.1468
